#
# There is insufficient memory for the Java Runtime Environment to continue.
# Native memory allocation (malloc) failed to allocate 131072 bytes for AllocateHeap
# Possible reasons:
#   The system is out of physical RAM or swap space
#   In 32 bit mode, the process size limit was hit
# Possible solutions:
#   Reduce memory load on the system
#   Increase physical memory or swap space
#   Check if swap backing store is full
#   Use 64 bit Java on a 64 bit OS
#   Decrease Java heap size (-Xmx/-Xms)
#   Decrease number of Java threads
#   Decrease Java thread stack sizes (-Xss)
#   Set larger code cache with -XX:ReservedCodeCacheSize=
# This output file may be truncated or incomplete.
#
#  Out of Memory Error (memory/allocation.inline.hpp:61), pid=8172, tid=5916
#
# JRE version:  (8.0_66-b18) (build )
# Java VM: Java HotSpot(TM) 64-Bit Server VM (25.66-b18 mixed mode windows-amd64 compressed oops)
# Failed to write core dump. Minidumps are not enabled by default on client versions of Windows
#

---------------  T H R E A D  ---------------

Current thread (0x000000000224d800):  JavaThread "Unknown thread" [_thread_in_vm, id=5916, stack(0x0000000002400000,0x0000000002500000)]

Stack: [0x0000000002400000,0x0000000002500000]
[error occurred during error reporting (printing stack bounds), id 0xc0000005]

Native frames: (J=compiled Java code, j=interpreted, Vv=VM code, C=native code)


---------------  P R O C E S S  ---------------

Java Threads: ( => current thread )

Other Threads:

=>0x000000000224d800 (exited) JavaThread "Unknown thread" [_thread_in_vm, id=5916, stack(0x0000000002400000,0x0000000002500000)]

VM state:not at safepoint (normal execution)

VM Mutex/Monitor currently owned by a thread: None

Heap:
 PSYoungGen      total 15360K, used 266K [0x00000000ef000000, 0x00000000f0100000, 0x0000000100000000)
  eden space 13312K, 2% used [0x00000000ef000000,0x00000000ef042900,0x00000000efd00000)
  from space 2048K, 0% used [0x00000000eff00000,0x00000000eff00000,0x00000000f0100000)
  to   space 2048K, 0% used [0x00000000efd00000,0x00000000efd00000,0x00000000eff00000)
 ParOldGen       total 35840K, used 0K [0x00000000cd000000, 0x00000000cf300000, 0x00000000ef000000)
  object space 35840K, 0% used [0x00000000cd000000,0x00000000cd000000,0x00000000cf300000)
 Metaspace       used 743K, capacity 4480K, committed 4480K, reserved 1056768K
  class space    used 75K, capacity 384K, committed 384K, reserved 1048576K

Card table byte_map: [0x0000000011b90000,0x0000000011d30000] byte_map_base: 0x0000000011528000

Marking Bits: (ParMarkBitMap*) 0x000000005157a5b0
 Begin Bits: [0x00000000124b0000, 0x0000000013170000)
 End Bits:   [0x0000000013170000, 0x0000000013e30000)

Polling page: 0x0000000000220000

CodeCache: size=245760Kb used=326Kb max_used=326Kb free=245433Kb
 bounds [0x00000000027d0000, 0x0000000002a40000, 0x00000000117d0000]
 total_blobs=55 nmethods=0 adapters=37
 compilation: enabled

Compilation events (0 events):
No events

GC Heap History (0 events):
No events

Deoptimization events (0 events):
No events

Internal exceptions (0 events):
No events

Events (10 events):
Event: 0.020 loading class java/lang/Short
Event: 0.020 loading class java/lang/Short done
Event: 0.020 loading class java/lang/Integer
Event: 0.021 loading class java/lang/Integer done
Event: 0.021 loading class java/lang/Long
Event: 0.021 loading class java/lang/Long done
Event: 0.021 loading class java/lang/NullPointerException
Event: 0.021 loading class java/lang/NullPointerException done
Event: 0.021 loading class java/lang/ArithmeticException
Event: 0.021 loading class java/lang/ArithmeticException done


Dynamic libraries:
0x000000013f030000 - 0x000000013f067000 	C:\Program Files\Java\jre1.8.0_66\bin\javaw.exe
0x0000000077a50000 - 0x0000000077bf9000 	C:\Windows\SYSTEM32\ntdll.dll
0x0000000077830000 - 0x0000000077950000 	C:\Windows\system32\kernel32.dll
0x000007fefd980000 - 0x000007fefd9ec000 	C:\Windows\system32\KERNELBASE.dll
0x000007fefe7b0000 - 0x000007fefe88b000 	C:\Windows\system32\ADVAPI32.dll
0x000007feffba0000 - 0x000007feffc3f000 	C:\Windows\system32\msvcrt.dll
0x000007fefdc50000 - 0x000007fefdc6f000 	C:\Windows\SYSTEM32\sechost.dll
0x000007fefe120000 - 0x000007fefe24d000 	C:\Windows\system32\RPCRT4.dll
0x0000000077950000 - 0x0000000077a4a000 	C:\Windows\system32\USER32.dll
0x000007fefe5b0000 - 0x000007fefe617000 	C:\Windows\system32\GDI32.dll
0x000007feffc70000 - 0x000007feffc7e000 	C:\Windows\system32\LPK.dll
0x000007fefdcf0000 - 0x000007fefddba000 	C:\Windows\system32\USP10.dll
0x000007fefbbc0000 - 0x000007fefbdb4000 	C:\Windows\WinSxS\amd64_microsoft.windows.common-controls_6595b64144ccf1df_6.0.7601.18837_none_fa3b1e3d17594757\COMCTL32.dll
0x000007fefddd0000 - 0x000007fefde41000 	C:\Windows\system32\SHLWAPI.dll
0x000007feffc40000 - 0x000007feffc6e000 	C:\Windows\system32\IMM32.DLL
0x000007feff890000 - 0x000007feff999000 	C:\Windows\system32\MSCTF.dll
0x000000005b6d0000 - 0x000000005b7a2000 	C:\Program Files\Java\jre1.8.0_66\bin\msvcr100.dll
0x0000000050d70000 - 0x00000000515f9000 	C:\Program Files\Java\jre1.8.0_66\bin\server\jvm.dll
0x000007feebc20000 - 0x000007feebc29000 	C:\Windows\system32\WSOCK32.dll
0x000007fefe560000 - 0x000007fefe5ad000 	C:\Windows\system32\WS2_32.dll
0x000007fefddc0000 - 0x000007fefddc8000 	C:\Windows\system32\NSI.dll
0x000007fef6350000 - 0x000007fef638b000 	C:\Windows\system32\WINMM.dll
0x000007fefc8c0000 - 0x000007fefc8cc000 	C:\Windows\system32\VERSION.dll
0x0000000077c10000 - 0x0000000077c17000 	C:\Windows\system32\PSAPI.DLL
0x000000006af70000 - 0x000000006af7f000 	C:\Program Files\Java\jre1.8.0_66\bin\verify.dll
0x000000006aef0000 - 0x000000006af19000 	C:\Program Files\Java\jre1.8.0_66\bin\java.dll
0x000000006af30000 - 0x000000006af46000 	C:\Program Files\Java\jre1.8.0_66\bin\zip.dll

VM Arguments:
jvm_args: -Dfile.encoding=Cp1253 
java_command: DES
java_class_path (initial): C:\Users\BDC\workspace\Des\bin
Launcher Type: SUN_STANDARD

Environment Variables:
JAVA_HOME=C:\Program Files\Java\jdk1.8.0_45
PATH=C:\ProgramData\Oracle\Java\javapath;C:\Program Files (x86)\ActiveState Komodo IDE 9\;C:\Program Files (x86)\NVIDIA Corporation\PhysX\Common;C:\Windows\system32;C:\Windows;C:\Windows\System32\Wbem;C:\Windows\System32\WindowsPowerShell\v1.0\;C:\Program Files (x86)\Windows Kits\8.1\Windows Performance Toolkit\;C:\Program Files\Microsoft SQL Server\110\Tools\Binn\;C:\Program Files\MATLAB\R2013b\runtime\win64;C:\Program Files\MATLAB\R2013b\bin;C:\Program Files\MATLAB\R2013b\polyspace\bin;C:\Program Files (x86)\Skype\Phone\;C:\Program Files (x86)\QuickTime\QTSystem\;C:\Program Files\Java\jdk1.8.0_45\bin;C:\\bin;
USERNAME=BDC
OS=Windows_NT
PROCESSOR_IDENTIFIER=Intel64 Family 6 Model 23 Stepping 7, GenuineIntel



---------------  S Y S T E M  ---------------

OS: Windows 7 , 64 bit Build 7601 (6.1.7601.19045)

CPU:total 4 (4 cores per cpu, 1 threads per core) family 6 model 23 stepping 7, cmov, cx8, fxsr, mmx, sse, sse2, sse3, ssse3, sse4.1, tsc

Memory: 4k page, physical 3341624k(497800k free), swap 13364660k(4956k free)

vm_info: Java HotSpot(TM) 64-Bit Server VM (25.66-b18) for windows-amd64 JRE (1.8.0_66-b18), built on Nov  9 2015 10:51:13 by "java_re" with MS VC++ 10.0 (VS2010)

time: Sat Feb 20 07:05:03 2016
elapsed time: 0 seconds (0d 0h 0m 0s)

