#
# There is insufficient memory for the Java Runtime Environment to continue.
# Native memory allocation (malloc) failed to allocate 1659056 bytes for Chunk::new
# Possible reasons:
#   The system is out of physical RAM or swap space
#   In 32 bit mode, the process size limit was hit
# Possible solutions:
#   Reduce memory load on the system
#   Increase physical memory or swap space
#   Check if swap backing store is full
#   Use 64 bit Java on a 64 bit OS
#   Decrease Java heap size (-Xmx/-Xms)
#   Decrease number of Java threads
#   Decrease Java thread stack sizes (-Xss)
#   Set larger code cache with -XX:ReservedCodeCacheSize=
# This output file may be truncated or incomplete.
#
#  Out of Memory Error (allocation.cpp:390), pid=2552, tid=10132
#
# JRE version: Java(TM) SE Runtime Environment (8.0_66-b18) (build 1.8.0_66-b18)
# Java VM: Java HotSpot(TM) 64-Bit Server VM (25.66-b18 mixed mode windows-amd64 compressed oops)
# Failed to write core dump. Minidumps are not enabled by default on client versions of Windows
#

---------------  T H R E A D  ---------------

Current thread (0x0000000014ae3800):  JavaThread "C2 CompilerThread0" daemon [_thread_in_native, id=10132, stack(0x0000000015bc0000,0x0000000015cc0000)]

Stack: [0x0000000015bc0000,0x0000000015cc0000]
[error occurred during error reporting (printing stack bounds), id 0xc0000005]

Native frames: (J=compiled Java code, j=interpreted, Vv=VM code, C=native code)


Current CompileTask:
C2:   2125  364 %     4       DES::main @ 532 (1374 bytes)


---------------  P R O C E S S  ---------------

Java Threads: ( => current thread )
  0x000000001619b000 JavaThread "Service Thread" daemon [_thread_blocked, id=6748, stack(0x00000000168e0000,0x00000000169e0000)]
  0x0000000014aef000 JavaThread "C1 CompilerThread2" daemon [_thread_blocked, id=8768, stack(0x0000000016700000,0x0000000016800000)]
  0x0000000014aed800 JavaThread "C2 CompilerThread1" daemon [_thread_in_native, id=7944, stack(0x0000000016030000,0x0000000016130000)]
=>0x0000000014ae3800 JavaThread "C2 CompilerThread0" daemon [_thread_in_native, id=10132, stack(0x0000000015bc0000,0x0000000015cc0000)]
  0x0000000014ae2000 JavaThread "Attach Listener" daemon [_thread_blocked, id=3264, stack(0x0000000015990000,0x0000000015a90000)]
  0x0000000014adf000 JavaThread "Signal Dispatcher" daemon [_thread_blocked, id=8396, stack(0x0000000015eb0000,0x0000000015fb0000)]
  0x0000000014a86800 JavaThread "Finalizer" daemon [_thread_blocked, id=7848, stack(0x0000000015d10000,0x0000000015e10000)]
  0x0000000014a7f800 JavaThread "Reference Handler" daemon [_thread_blocked, id=9400, stack(0x0000000015a90000,0x0000000015b90000)]
  0x00000000021ad800 JavaThread "main" [_thread_blocked, id=7460, stack(0x0000000002490000,0x0000000002590000)]

Other Threads:
  0x0000000014a7a000 VMThread [stack: 0x0000000015890000,0x0000000015990000] [id=8876]
  0x00000000161a7800 WatcherThread [stack: 0x00000000165f0000,0x00000000166f0000] [id=1220]

VM state:at safepoint (normal execution)

VM Mutex/Monitor currently owned by a thread:  ([mutex/lock_event])
[0x00000000021abed0] Threads_lock - owner thread: 0x0000000014a7a000
[0x00000000021ac3d0] Heap_lock - owner thread: 0x00000000021ad800

Heap:
 PSYoungGen      total 55296K, used 53792K [0x00000000ef000000, 0x00000000f2800000, 0x0000000100000000)
  eden space 53248K, 100% used [0x00000000ef000000,0x00000000f2400000,0x00000000f2400000)
  from space 2048K, 26% used [0x00000000f2600000,0x00000000f2688000,0x00000000f2800000)
  to   space 2048K, 3% used [0x00000000f2400000,0x00000000f2410000,0x00000000f2600000)
 ParOldGen       total 35840K, used 472K [0x00000000cd000000, 0x00000000cf300000, 0x00000000ef000000)
  object space 35840K, 1% used [0x00000000cd000000,0x00000000cd076050,0x00000000cf300000)
 Metaspace       used 3530K, capacity 4560K, committed 4864K, reserved 1056768K
  class space    used 384K, capacity 388K, committed 512K, reserved 1048576K

Card table byte_map: [0x00000000022b0000,0x0000000002450000] byte_map_base: 0x0000000001c48000

Marking Bits: (ParMarkBitMap*) 0x000000005102a5b0
 Begin Bits: [0x00000000125d0000, 0x0000000013290000)
 End Bits:   [0x0000000013290000, 0x0000000013f50000)

Polling page: 0x00000000001b0000

CodeCache: size=245760Kb used=2711Kb max_used=2711Kb free=243048Kb
 bounds [0x0000000002860000, 0x0000000002b10000, 0x0000000011860000]
 total_blobs=609 nmethods=358 adapters=166
 compilation: enabled

Compilation events (10 events):
Event: 1.571 Thread 0x0000000014aef000 nmethod 360% 0x0000000002aa4ad0 code [0x0000000002aa6580, 0x0000000002abb1a8]
Event: 1.572 Thread 0x0000000014aef000  361       3       DES::main (1374 bytes)
Event: 1.594 Thread 0x0000000014aef000 nmethod 361 0x0000000002ad6bd0 code [0x0000000002ad8680, 0x0000000002aecc08]
Event: 1.596 Thread 0x0000000014aef000  362       3       java.io.BufferedWriter::newLine (9 bytes)
Event: 1.596 Thread 0x0000000014aef000 nmethod 362 0x0000000002aa17d0 code [0x0000000002aa1940, 0x0000000002aa1ca8]
Event: 1.597 Thread 0x0000000014aef000  363   !   3       java.io.PrintStream::newLine (73 bytes)
Event: 1.597 Thread 0x0000000014aef000 nmethod 363 0x0000000002aa3790 code [0x0000000002aa39a0, 0x0000000002aa4398]
Event: 1.622 Thread 0x0000000014ae3800  364 %     4       DES::main @ 532 (1374 bytes)
Event: 1.725 Thread 0x0000000014aef000  365       3       java.io.PrintStream::println (5 bytes)
Event: 1.726 Thread 0x0000000014aef000 nmethod 365 0x0000000002aa3410 code [0x0000000002aa3580, 0x0000000002aa3708]

GC Heap History (10 events):
Event: 0.482 GC heap after
Heap after GC invocations=2 (full 0):
 PSYoungGen      total 28672K, used 480K [0x00000000ef000000, 0x00000000f0e00000, 0x0000000100000000)
  eden space 26624K, 0% used [0x00000000ef000000,0x00000000ef000000,0x00000000f0a00000)
  from space 2048K, 23% used [0x00000000f0c00000,0x00000000f0c78020,0x00000000f0e00000)
  to   space 2048K, 0% used [0x00000000f0a00000,0x00000000f0a00000,0x00000000f0c00000)
 ParOldGen       total 35840K, used 8K [0x00000000cd000000, 0x00000000cf300000, 0x00000000ef000000)
  object space 35840K, 0% used [0x00000000cd000000,0x00000000cd002000,0x00000000cf300000)
 Metaspace       used 3438K, capacity 4560K, committed 4864K, reserved 1056768K
  class space    used 382K, capacity 388K, committed 512K, reserved 1048576K
}
Event: 0.610 GC heap before
{Heap before GC invocations=3 (full 0):
 PSYoungGen      total 28672K, used 27104K [0x00000000ef000000, 0x00000000f0e00000, 0x0000000100000000)
  eden space 26624K, 100% used [0x00000000ef000000,0x00000000f0a00000,0x00000000f0a00000)
  from space 2048K, 23% used [0x00000000f0c00000,0x00000000f0c78020,0x00000000f0e00000)
  to   space 2048K, 0% used [0x00000000f0a00000,0x00000000f0a00000,0x00000000f0c00000)
 ParOldGen       total 35840K, used 8K [0x00000000cd000000, 0x00000000cf300000, 0x00000000ef000000)
  object space 35840K, 0% used [0x00000000cd000000,0x00000000cd002000,0x00000000cf300000)
 Metaspace       used 3448K, capacity 4560K, committed 4864K, reserved 1056768K
  class space    used 382K, capacity 388K, committed 512K, reserved 1048576K
Event: 0.681 GC heap after
Heap after GC invocations=3 (full 0):
 PSYoungGen      total 28672K, used 496K [0x00000000ef000000, 0x00000000f2800000, 0x0000000100000000)
  eden space 26624K, 0% used [0x00000000ef000000,0x00000000ef000000,0x00000000f0a00000)
  from space 2048K, 24% used [0x00000000f0a00000,0x00000000f0a7c010,0x00000000f0c00000)
  to   space 2048K, 0% used [0x00000000f2600000,0x00000000f2600000,0x00000000f2800000)
 ParOldGen       total 35840K, used 16K [0x00000000cd000000, 0x00000000cf300000, 0x00000000ef000000)
  object space 35840K, 0% used [0x00000000cd000000,0x00000000cd004000,0x00000000cf300000)
 Metaspace       used 3448K, capacity 4560K, committed 4864K, reserved 1056768K
  class space    used 382K, capacity 388K, committed 512K, reserved 1048576K
}
Event: 0.848 GC heap before
{Heap before GC invocations=4 (full 0):
 PSYoungGen      total 28672K, used 27120K [0x00000000ef000000, 0x00000000f2800000, 0x0000000100000000)
  eden space 26624K, 100% used [0x00000000ef000000,0x00000000f0a00000,0x00000000f0a00000)
  from space 2048K, 24% used [0x00000000f0a00000,0x00000000f0a7c010,0x00000000f0c00000)
  to   space 2048K, 0% used [0x00000000f2600000,0x00000000f2600000,0x00000000f2800000)
 ParOldGen       total 35840K, used 16K [0x00000000cd000000, 0x00000000cf300000, 0x00000000ef000000)
  object space 35840K, 0% used [0x00000000cd000000,0x00000000cd004000,0x00000000cf300000)
 Metaspace       used 3448K, capacity 4560K, committed 4864K, reserved 1056768K
  class space    used 382K, capacity 388K, committed 512K, reserved 1048576K
Event: 0.887 GC heap after
Heap after GC invocations=4 (full 0):
 PSYoungGen      total 55296K, used 480K [0x00000000ef000000, 0x00000000f2800000, 0x0000000100000000)
  eden space 53248K, 0% used [0x00000000ef000000,0x00000000ef000000,0x00000000f2400000)
  from space 2048K, 23% used [0x00000000f2600000,0x00000000f2678000,0x00000000f2800000)
  to   space 2048K, 0% used [0x00000000f2400000,0x00000000f2400000,0x00000000f2600000)
 ParOldGen       total 35840K, used 16K [0x00000000cd000000, 0x00000000cf300000, 0x00000000ef000000)
  object space 35840K, 0% used [0x00000000cd000000,0x00000000cd004000,0x00000000cf300000)
 Metaspace       used 3448K, capacity 4560K, committed 4864K, reserved 1056768K
  class space    used 382K, capacity 388K, committed 512K, reserved 1048576K
}
Event: 1.052 GC heap before
{Heap before GC invocations=5 (full 0):
 PSYoungGen      total 55296K, used 53728K [0x00000000ef000000, 0x00000000f2800000, 0x0000000100000000)
  eden space 53248K, 100% used [0x00000000ef000000,0x00000000f2400000,0x00000000f2400000)
  from space 2048K, 23% used [0x00000000f2600000,0x00000000f2678000,0x00000000f2800000)
  to   space 2048K, 0% used [0x00000000f2400000,0x00000000f2400000,0x00000000f2600000)
 ParOldGen       total 35840K, used 16K [0x00000000cd000000, 0x00000000cf300000, 0x00000000ef000000)
  object space 35840K, 0% used [0x00000000cd000000,0x00000000cd004000,0x00000000cf300000)
 Metaspace       used 3449K, capacity 4560K, committed 4864K, reserved 1056768K
  class space    used 382K, capacity 388K, committed 512K, reserved 1048576K
Event: 1.369 GC heap after
Heap after GC invocations=5 (full 0):
 PSYoungGen      total 55296K, used 480K [0x00000000ef000000, 0x00000000f2800000, 0x0000000100000000)
  eden space 53248K, 0% used [0x00000000ef000000,0x00000000ef000000,0x00000000f2400000)
  from space 2048K, 23% used [0x00000000f2400000,0x00000000f2478000,0x00000000f2600000)
  to   space 2048K, 0% used [0x00000000f2600000,0x00000000f2600000,0x00000000f2800000)
 ParOldGen       total 35840K, used 16K [0x00000000cd000000, 0x00000000cf300000, 0x00000000ef000000)
  object space 35840K, 0% used [0x00000000cd000000,0x00000000cd004000,0x00000000cf300000)
 Metaspace       used 3449K, capacity 4560K, committed 4864K, reserved 1056768K
  class space    used 382K, capacity 388K, committed 512K, reserved 1048576K
}
Event: 1.525 GC heap before
{Heap before GC invocations=6 (full 0):
 PSYoungGen      total 55296K, used 53728K [0x00000000ef000000, 0x00000000f2800000, 0x0000000100000000)
  eden space 53248K, 100% used [0x00000000ef000000,0x00000000f2400000,0x00000000f2400000)
  from space 2048K, 23% used [0x00000000f2400000,0x00000000f2478000,0x00000000f2600000)
  to   space 2048K, 0% used [0x00000000f2600000,0x00000000f2600000,0x00000000f2800000)
 ParOldGen       total 35840K, used 16K [0x00000000cd000000, 0x00000000cf300000, 0x00000000ef000000)
  object space 35840K, 0% used [0x00000000cd000000,0x00000000cd004000,0x00000000cf300000)
 Metaspace       used 3529K, capacity 4560K, committed 4864K, reserved 1056768K
  class space    used 384K, capacity 388K, committed 512K, reserved 1048576K
Event: 1.569 GC heap after
Heap after GC invocations=6 (full 0):
 PSYoungGen      total 55296K, used 544K [0x00000000ef000000, 0x00000000f2800000, 0x0000000100000000)
  eden space 53248K, 0% used [0x00000000ef000000,0x00000000ef000000,0x00000000f2400000)
  from space 2048K, 26% used [0x00000000f2600000,0x00000000f2688000,0x00000000f2800000)
  to   space 2048K, 0% used [0x00000000f2400000,0x00000000f2400000,0x00000000f2600000)
 ParOldGen       total 35840K, used 24K [0x00000000cd000000, 0x00000000cf300000, 0x00000000ef000000)
  object space 35840K, 0% used [0x00000000cd000000,0x00000000cd006000,0x00000000cf300000)
 Metaspace       used 3529K, capacity 4560K, committed 4864K, reserved 1056768K
  class space    used 384K, capacity 388K, committed 512K, reserved 1048576K
}
Event: 2.020 GC heap before
{Heap before GC invocations=7 (full 0):
 PSYoungGen      total 55296K, used 53792K [0x00000000ef000000, 0x00000000f2800000, 0x0000000100000000)
  eden space 53248K, 100% used [0x00000000ef000000,0x00000000f2400000,0x00000000f2400000)
  from space 2048K, 26% used [0x00000000f2600000,0x00000000f2688000,0x00000000f2800000)
  to   space 2048K, 0% used [0x00000000f2400000,0x00000000f2400000,0x00000000f2600000)
 ParOldGen       total 35840K, used 24K [0x00000000cd000000, 0x00000000cf300000, 0x00000000ef000000)
  object space 35840K, 0% used [0x00000000cd000000,0x00000000cd006000,0x00000000cf300000)
 Metaspace       used 3530K, capacity 4560K, committed 4864K, reserved 1056768K
  class space    used 384K, capacity 388K, committed 512K, reserved 1048576K

Deoptimization events (2 events):
Event: 0.402 Thread 0x00000000021ad800 Uncommon trap: reason=unstable_if action=reinterpret pc=0x00000000029ec8f0 method=java.lang.Integer.getChars(II[C)V @ 110
Event: 1.391 Thread 0x00000000021ad800 Uncommon trap: reason=unstable_if action=reinterpret pc=0x00000000029f8390 method=java.lang.Integer.stringSize(I)I @ 8

Internal exceptions (6 events):
Event: 0.048 Thread 0x00000000021ad800 Exception <a 'java/lang/NoSuchMethodError': Method sun.misc.Unsafe.defineClass(Ljava/lang/String;[BII)Ljava/lang/Class; name or signature does not match> (0x00000000ef013060) thrown at [C:\re\workspace\8-2-build-windows-amd64-cygwin\jdk8u66\5298\hotspot\srﬂıúå
Event: 0.048 Thread 0x00000000021ad800 Exception <a 'java/lang/NoSuchMethodError': Method sun.misc.Unsafe.prefetchRead(Ljava/lang/Object;J)V name or signature does not match> (0x00000000ef013348) thrown at [C:\re\workspace\8-2-build-windows-amd64-cygwin\jdk8u66\5298\hotspot\src\share\vm\prims\j∑Ï» È›¿?
Event: 0.132 Thread 0x00000000021ad800 Exception <a 'java/security/PrivilegedActionException'> (0x00000000ef0d75a8) thrown at [C:\re\workspace\8-2-build-windows-amd64-cygwin\jdk8u66\5298\hotspot\src\share\vm\prims\jvm.cpp, line 1386]
Event: 0.132 Thread 0x00000000021ad800 Exception <a 'java/security/PrivilegedActionException'> (0x00000000ef0d79a0) thrown at [C:\re\workspace\8-2-build-windows-amd64-cygwin\jdk8u66\5298\hotspot\src\share\vm\prims\jvm.cpp, line 1386]
Event: 0.132 Thread 0x00000000021ad800 Exception <a 'java/security/PrivilegedActionException'> (0x00000000ef0db730) thrown at [C:\re\workspace\8-2-build-windows-amd64-cygwin\jdk8u66\5298\hotspot\src\share\vm\prims\jvm.cpp, line 1386]
Event: 0.132 Thread 0x00000000021ad800 Exception <a 'java/security/PrivilegedActionException'> (0x00000000ef0dbb28) thrown at [C:\re\workspace\8-2-build-windows-amd64-cygwin\jdk8u66\5298\hotspot\src\share\vm\prims\jvm.cpp, line 1386]

Events (10 events):
Event: 1.391 loading class java/util/concurrent/atomic/AtomicLong
Event: 1.391 loading class java/util/concurrent/atomic/AtomicLong done
Event: 1.391 Thread 0x00000000021ad800 Uncommon trap: trap_request=0xffffff65 fr.pc=0x00000000029f8390
Event: 1.391 Thread 0x00000000021ad800 DEOPT PACKING pc=0x00000000029f8390 sp=0x000000000258f0c0
Event: 1.391 Thread 0x00000000021ad800 DEOPT UNPACKING pc=0x00000000028a556a sp=0x000000000258f000 mode 2
Event: 1.506 loading class sun/misc/FDBigInteger
Event: 1.507 loading class sun/misc/FDBigInteger done
Event: 1.525 Executing VM operation: ParallelGCFailedAllocation
Event: 1.570 Executing VM operation: ParallelGCFailedAllocation done
Event: 2.019 Executing VM operation: ParallelGCFailedAllocation


Dynamic libraries:
0x000000013f6f0000 - 0x000000013f727000 	C:\Program Files\Java\jre1.8.0_66\bin\javaw.exe
0x0000000077c50000 - 0x0000000077df9000 	C:\Windows\SYSTEM32\ntdll.dll
0x0000000077b30000 - 0x0000000077c50000 	C:\Windows\system32\kernel32.dll
0x000007fefdbb0000 - 0x000007fefdc1c000 	C:\Windows\system32\KERNELBASE.dll
0x000007feffe80000 - 0x000007fefff5b000 	C:\Windows\system32\ADVAPI32.dll
0x000007feff000000 - 0x000007feff09f000 	C:\Windows\system32\msvcrt.dll
0x000007fefef10000 - 0x000007fefef2f000 	C:\Windows\SYSTEM32\sechost.dll
0x000007feff0a0000 - 0x000007feff1cd000 	C:\Windows\system32\RPCRT4.dll
0x0000000077a30000 - 0x0000000077b2a000 	C:\Windows\system32\USER32.dll
0x000007feffa10000 - 0x000007feffa77000 	C:\Windows\system32\GDI32.dll
0x000007feff8f0000 - 0x000007feff8fe000 	C:\Windows\system32\LPK.dll
0x000007feffdb0000 - 0x000007feffe7a000 	C:\Windows\system32\USP10.dll
0x000007fefc430000 - 0x000007fefc624000 	C:\Windows\WinSxS\amd64_microsoft.windows.common-controls_6595b64144ccf1df_6.0.7601.18837_none_fa3b1e3d17594757\COMCTL32.dll
0x000007fefeb50000 - 0x000007fefebc1000 	C:\Windows\system32\SHLWAPI.dll
0x000007fefef30000 - 0x000007fefef5e000 	C:\Windows\system32\IMM32.DLL
0x000007feff900000 - 0x000007feffa09000 	C:\Windows\system32\MSCTF.dll
0x0000000051d30000 - 0x0000000051e02000 	C:\Program Files\Java\jre1.8.0_66\bin\msvcr100.dll
0x0000000050820000 - 0x00000000510a9000 	C:\Program Files\Java\jre1.8.0_66\bin\server\jvm.dll
0x000007fef9aa0000 - 0x000007fef9aa9000 	C:\Windows\system32\WSOCK32.dll
0x000007fefeec0000 - 0x000007fefef0d000 	C:\Windows\system32\WS2_32.dll
0x000007fefeb40000 - 0x000007fefeb48000 	C:\Windows\system32\NSI.dll
0x000007fefa550000 - 0x000007fefa58b000 	C:\Windows\system32\WINMM.dll
0x000007fefcac0000 - 0x000007fefcacc000 	C:\Windows\system32\VERSION.dll
0x0000000077e10000 - 0x0000000077e17000 	C:\Windows\system32\PSAPI.DLL
0x0000000054cc0000 - 0x0000000054ccf000 	C:\Program Files\Java\jre1.8.0_66\bin\verify.dll
0x0000000051ec0000 - 0x0000000051ee9000 	C:\Program Files\Java\jre1.8.0_66\bin\java.dll
0x0000000051ea0000 - 0x0000000051eb6000 	C:\Program Files\Java\jre1.8.0_66\bin\zip.dll
0x000007fefddb0000 - 0x000007fefeb39000 	C:\Windows\system32\SHELL32.dll
0x000007feff6e0000 - 0x000007feff8e3000 	C:\Windows\system32\ole32.dll
0x000007fefda00000 - 0x000007fefda0f000 	C:\Windows\system32\profapi.dll

VM Arguments:
jvm_args: -Dfile.encoding=Cp1253 
java_command: DES
java_class_path (initial): C:\Users\BDC\workspace\Des\bin
Launcher Type: SUN_STANDARD

Environment Variables:
JAVA_HOME=C:\Program Files\Java\jdk1.8.0_45
PATH=C:\ProgramData\Oracle\Java\javapath;C:\Program Files (x86)\ActiveState Komodo IDE 9\;C:\Program Files (x86)\NVIDIA Corporation\PhysX\Common;C:\Windows\system32;C:\Windows;C:\Windows\System32\Wbem;C:\Windows\System32\WindowsPowerShell\v1.0\;C:\Program Files (x86)\Windows Kits\8.1\Windows Performance Toolkit\;C:\Program Files\Microsoft SQL Server\110\Tools\Binn\;C:\Program Files\MATLAB\R2013b\runtime\win64;C:\Program Files\MATLAB\R2013b\bin;C:\Program Files\MATLAB\R2013b\polyspace\bin;C:\Program Files (x86)\Skype\Phone\;C:\Program Files (x86)\QuickTime\QTSystem\;C:\Program Files\Java\jdk1.8.0_45\bin;C:\\bin;
USERNAME=BDC
OS=Windows_NT
PROCESSOR_IDENTIFIER=Intel64 Family 6 Model 23 Stepping 7, GenuineIntel



---------------  S Y S T E M  ---------------

OS: Windows 7 , 64 bit Build 7601 (6.1.7601.19045)

CPU:total 4 (4 cores per cpu, 1 threads per core) family 6 model 23 stepping 7, cmov, cx8, fxsr, mmx, sse, sse2, sse3, ssse3, sse4.1, tsc

Memory: 4k page, physical 3341624k(486020k free), swap 13364660k(6536k free)

vm_info: Java HotSpot(TM) 64-Bit Server VM (25.66-b18) for windows-amd64 JRE (1.8.0_66-b18), built on Nov  9 2015 10:51:13 by "java_re" with MS VC++ 10.0 (VS2010)

time: Tue Feb 23 01:10:28 2016
elapsed time: 2 seconds (0d 0h 0m 2s)

