#
# There is insufficient memory for the Java Runtime Environment to continue.
# Native memory allocation (malloc) failed to allocate 131088 bytes for Chunk::new
# Possible reasons:
#   The system is out of physical RAM or swap space
#   In 32 bit mode, the process size limit was hit
# Possible solutions:
#   Reduce memory load on the system
#   Increase physical memory or swap space
#   Check if swap backing store is full
#   Use 64 bit Java on a 64 bit OS
#   Decrease Java heap size (-Xmx/-Xms)
#   Decrease number of Java threads
#   Decrease Java thread stack sizes (-Xss)
#   Set larger code cache with -XX:ReservedCodeCacheSize=
# This output file may be truncated or incomplete.
#
#  Out of Memory Error (allocation.cpp:390), pid=848, tid=8584
#
# JRE version: Java(TM) SE Runtime Environment (8.0_66-b18) (build 1.8.0_66-b18)
# Java VM: Java HotSpot(TM) 64-Bit Server VM (25.66-b18 mixed mode windows-amd64 compressed oops)
# Failed to write core dump. Minidumps are not enabled by default on client versions of Windows
#

---------------  T H R E A D  ---------------

Current thread (0x0000000014993800):  JavaThread "C2 CompilerThread0" daemon [_thread_in_native, id=8584, stack(0x0000000016140000,0x0000000016240000)]

Stack: [0x0000000016140000,0x0000000016240000]
[error occurred during error reporting (printing stack bounds), id 0xc0000005]

Native frames: (J=compiled Java code, j=interpreted, Vv=VM code, C=native code)


Current CompileTask:
C2:   2143  286 %     4       DES::RecommendedSboxesE @ 506 (854 bytes)


---------------  P R O C E S S  ---------------

Java Threads: ( => current thread )
  0x000000001648f800 JavaThread "Service Thread" daemon [_thread_blocked, id=5176, stack(0x0000000016a40000,0x0000000016b40000)]
  0x000000001499b800 JavaThread "C1 CompilerThread2" daemon [_thread_blocked, id=8236, stack(0x0000000016830000,0x0000000016930000)]
  0x000000001499a000 JavaThread "C2 CompilerThread1" daemon [_thread_blocked, id=8540, stack(0x0000000016320000,0x0000000016420000)]
=>0x0000000014993800 JavaThread "C2 CompilerThread0" daemon [_thread_in_native, id=8584, stack(0x0000000016140000,0x0000000016240000)]
  0x0000000014992000 JavaThread "Attach Listener" daemon [_thread_blocked, id=9156, stack(0x0000000016020000,0x0000000016120000)]
  0x000000001498f000 JavaThread "Signal Dispatcher" daemon [_thread_blocked, id=1048, stack(0x0000000015dd0000,0x0000000015ed0000)]
  0x0000000014936800 JavaThread "Finalizer" daemon [_thread_blocked, id=3256, stack(0x0000000015ad0000,0x0000000015bd0000)]
  0x000000001492f800 JavaThread "Reference Handler" daemon [_thread_blocked, id=8480, stack(0x0000000015c40000,0x0000000015d40000)]
  0x0000000001ddd800 JavaThread "main" [_thread_blocked, id=9720, stack(0x0000000002530000,0x0000000002630000)]

Other Threads:
  0x000000001492a000 VMThread [stack: 0x00000000159c0000,0x0000000015ac0000] [id=5904]
  0x000000001649f800 WatcherThread [stack: 0x0000000016bf0000,0x0000000016cf0000] [id=9428]

VM state:not at safepoint (normal execution)

VM Mutex/Monitor currently owned by a thread:  ([mutex/lock_event])
[0x0000000001ddc3d0] Heap_lock - owner thread: 0x0000000001ddd800

Heap:
 PSYoungGen      total 28672K, used 480K [0x00000000ef000000, 0x00000000f0e00000, 0x0000000100000000)
  eden space 26624K, 0% used [0x00000000ef000000,0x00000000ef000018,0x00000000f0a00000)
  from space 2048K, 23% used [0x00000000f0a00000,0x00000000f0a78000,0x00000000f0c00000)
  to   space 2048K, 0% used [0x00000000f0c00000,0x00000000f0c00000,0x00000000f0e00000)
 ParOldGen       total 35840K, used 16K [0x00000000cd000000, 0x00000000cf300000, 0x00000000ef000000)
  object space 35840K, 0% used [0x00000000cd000000,0x00000000cd004000,0x00000000cf300000)
 Metaspace       used 3447K, capacity 4560K, committed 4864K, reserved 1056768K
  class space    used 382K, capacity 388K, committed 512K, reserved 1048576K

Card table byte_map: [0x0000000011cc0000,0x0000000011e60000] byte_map_base: 0x0000000011658000

Marking Bits: (ParMarkBitMap*) 0x000000005102a5b0
 Begin Bits: [0x0000000012480000, 0x0000000013140000)
 End Bits:   [0x0000000013140000, 0x0000000013e00000)

Polling page: 0x0000000000120000

CodeCache: size=245760Kb used=2240Kb max_used=2252Kb free=243519Kb
 bounds [0x0000000002900000, 0x0000000002b70000, 0x0000000011900000]
 total_blobs=526 nmethods=282 adapters=159
 compilation: enabled

Compilation events (10 events):
Event: 1.367 Thread 0x0000000014993800  280       4       java.util.Formatter$FormatSpecifier::leadingSign (82 bytes)
Event: 1.368 Thread 0x0000000014993800 nmethod 280 0x0000000002a9f8d0 code [0x0000000002a9fa20, 0x0000000002a9fb18]
Event: 1.374 Thread 0x000000001499a000 nmethod 281 0x0000000002aa1510 code [0x0000000002aa1680, 0x0000000002aa1e38]
Event: 1.403 Thread 0x0000000014993800  286 %     4       DES::RecommendedSboxesE @ 506 (854 bytes)
Event: 1.587 Thread 0x000000001499b800  287       3       java.nio.Buffer::position (43 bytes)
Event: 1.587 Thread 0x000000001499b800 nmethod 287 0x0000000002aa1010 code [0x0000000002aa1180, 0x0000000002aa1448]
Event: 1.587 Thread 0x000000001499b800  288       3       java.nio.ByteBuffer::arrayOffset (35 bytes)
Event: 1.587 Thread 0x000000001499b800 nmethod 288 0x0000000002aa0ad0 code [0x0000000002aa0c60, 0x0000000002aa0f18]
Event: 1.594 Thread 0x000000001499a000  289       4       java.lang.String::getChars (62 bytes)
Event: 1.596 Thread 0x000000001499a000 nmethod 289 0x0000000002aca590 code [0x0000000002aca6e0, 0x0000000002aca838]

GC Heap History (9 events):
Event: 0.429 GC heap before
{Heap before GC invocations=1 (full 0):
 PSYoungGen      total 15360K, used 13312K [0x00000000ef000000, 0x00000000f0100000, 0x0000000100000000)
  eden space 13312K, 100% used [0x00000000ef000000,0x00000000efd00000,0x00000000efd00000)
  from space 2048K, 0% used [0x00000000eff00000,0x00000000eff00000,0x00000000f0100000)
  to   space 2048K, 0% used [0x00000000efd00000,0x00000000efd00000,0x00000000eff00000)
 ParOldGen       total 35840K, used 0K [0x00000000cd000000, 0x00000000cf300000, 0x00000000ef000000)
  object space 35840K, 0% used [0x00000000cd000000,0x00000000cd000000,0x00000000cf300000)
 Metaspace       used 3403K, capacity 4560K, committed 4864K, reserved 1056768K
  class space    used 378K, capacity 388K, committed 512K, reserved 1048576K
Event: 0.615 GC heap after
Heap after GC invocations=1 (full 0):
 PSYoungGen      total 15360K, used 496K [0x00000000ef000000, 0x00000000f0e00000, 0x0000000100000000)
  eden space 13312K, 0% used [0x00000000ef000000,0x00000000ef000000,0x00000000efd00000)
  from space 2048K, 24% used [0x00000000efd00000,0x00000000efd7c010,0x00000000eff00000)
  to   space 2048K, 0% used [0x00000000f0c00000,0x00000000f0c00000,0x00000000f0e00000)
 ParOldGen       total 35840K, used 0K [0x00000000cd000000, 0x00000000cf300000, 0x00000000ef000000)
  object space 35840K, 0% used [0x00000000cd000000,0x00000000cd000000,0x00000000cf300000)
 Metaspace       used 3403K, capacity 4560K, committed 4864K, reserved 1056768K
  class space    used 378K, capacity 388K, committed 512K, reserved 1048576K
}
Event: 0.678 GC heap before
{Heap before GC invocations=2 (full 0):
 PSYoungGen      total 15360K, used 13808K [0x00000000ef000000, 0x00000000f0e00000, 0x0000000100000000)
  eden space 13312K, 100% used [0x00000000ef000000,0x00000000efd00000,0x00000000efd00000)
  from space 2048K, 24% used [0x00000000efd00000,0x00000000efd7c010,0x00000000eff00000)
  to   space 2048K, 0% used [0x00000000f0c00000,0x00000000f0c00000,0x00000000f0e00000)
 ParOldGen       total 35840K, used 0K [0x00000000cd000000, 0x00000000cf300000, 0x00000000ef000000)
  object space 35840K, 0% used [0x00000000cd000000,0x00000000cd000000,0x00000000cf300000)
 Metaspace       used 3436K, capacity 4560K, committed 4864K, reserved 1056768K
  class space    used 382K, capacity 388K, committed 512K, reserved 1048576K
Event: 0.723 GC heap after
Heap after GC invocations=2 (full 0):
 PSYoungGen      total 28672K, used 544K [0x00000000ef000000, 0x00000000f0e00000, 0x0000000100000000)
  eden space 26624K, 0% used [0x00000000ef000000,0x00000000ef000000,0x00000000f0a00000)
  from space 2048K, 26% used [0x00000000f0c00000,0x00000000f0c88000,0x00000000f0e00000)
  to   space 2048K, 0% used [0x00000000f0a00000,0x00000000f0a00000,0x00000000f0c00000)
 ParOldGen       total 35840K, used 8K [0x00000000cd000000, 0x00000000cf300000, 0x00000000ef000000)
  object space 35840K, 0% used [0x00000000cd000000,0x00000000cd002000,0x00000000cf300000)
 Metaspace       used 3436K, capacity 4560K, committed 4864K, reserved 1056768K
  class space    used 382K, capacity 388K, committed 512K, reserved 1048576K
}
Event: 1.377 GC heap before
{Heap before GC invocations=3 (full 0):
 PSYoungGen      total 28672K, used 27168K [0x00000000ef000000, 0x00000000f0e00000, 0x0000000100000000)
  eden space 26624K, 100% used [0x00000000ef000000,0x00000000f0a00000,0x00000000f0a00000)
  from space 2048K, 26% used [0x00000000f0c00000,0x00000000f0c88000,0x00000000f0e00000)
  to   space 2048K, 0% used [0x00000000f0a00000,0x00000000f0a00000,0x00000000f0c00000)
 ParOldGen       total 35840K, used 8K [0x00000000cd000000, 0x00000000cf300000, 0x00000000ef000000)
  object space 35840K, 0% used [0x00000000cd000000,0x00000000cd002000,0x00000000cf300000)
 Metaspace       used 3446K, capacity 4560K, committed 4864K, reserved 1056768K
  class space    used 382K, capacity 388K, committed 512K, reserved 1048576K
Event: 1.389 GC heap after
Heap after GC invocations=3 (full 0):
 PSYoungGen      total 28672K, used 480K [0x00000000ef000000, 0x00000000f0e00000, 0x0000000100000000)
  eden space 26624K, 0% used [0x00000000ef000000,0x00000000ef000000,0x00000000f0a00000)
  from space 2048K, 23% used [0x00000000f0a00000,0x00000000f0a78020,0x00000000f0c00000)
  to   space 2048K, 0% used [0x00000000f0c00000,0x00000000f0c00000,0x00000000f0e00000)
 ParOldGen       total 35840K, used 16K [0x00000000cd000000, 0x00000000cf300000, 0x00000000ef000000)
  object space 35840K, 0% used [0x00000000cd000000,0x00000000cd004000,0x00000000cf300000)
 Metaspace       used 3446K, capacity 4560K, committed 4864K, reserved 1056768K
  class space    used 382K, capacity 388K, committed 512K, reserved 1048576K
}
Event: 1.449 GC heap before
{Heap before GC invocations=4 (full 0):
 PSYoungGen      total 28672K, used 27104K [0x00000000ef000000, 0x00000000f0e00000, 0x0000000100000000)
  eden space 26624K, 100% used [0x00000000ef000000,0x00000000f0a00000,0x00000000f0a00000)
  from space 2048K, 23% used [0x00000000f0a00000,0x00000000f0a78020,0x00000000f0c00000)
  to   space 2048K, 0% used [0x00000000f0c00000,0x00000000f0c00000,0x00000000f0e00000)
 ParOldGen       total 35840K, used 16K [0x00000000cd000000, 0x00000000cf300000, 0x00000000ef000000)
  object space 35840K, 0% used [0x00000000cd000000,0x00000000cd004000,0x00000000cf300000)
 Metaspace       used 3446K, capacity 4560K, committed 4864K, reserved 1056768K
  class space    used 382K, capacity 388K, committed 512K, reserved 1048576K
Event: 1.569 GC heap after
Heap after GC invocations=4 (full 0):
 PSYoungGen      total 28672K, used 512K [0x00000000ef000000, 0x00000000f0e00000, 0x0000000100000000)
  eden space 26624K, 0% used [0x00000000ef000000,0x00000000ef000000,0x00000000f0a00000)
  from space 2048K, 25% used [0x00000000f0c00000,0x00000000f0c80000,0x00000000f0e00000)
  to   space 2048K, 0% used [0x00000000f0a00000,0x00000000f0a00000,0x00000000f0c00000)
 ParOldGen       total 35840K, used 16K [0x00000000cd000000, 0x00000000cf300000, 0x00000000ef000000)
  object space 35840K, 0% used [0x00000000cd000000,0x00000000cd004000,0x00000000cf300000)
 Metaspace       used 3446K, capacity 4560K, committed 4864K, reserved 1056768K
  class space    used 382K, capacity 388K, committed 512K, reserved 1048576K
}
Event: 1.617 GC heap before
{Heap before GC invocations=5 (full 0):
 PSYoungGen      total 28672K, used 27136K [0x00000000ef000000, 0x00000000f0e00000, 0x0000000100000000)
  eden space 26624K, 100% used [0x00000000ef000000,0x00000000f0a00000,0x00000000f0a00000)
  from space 2048K, 25% used [0x00000000f0c00000,0x00000000f0c80000,0x00000000f0e00000)
  to   space 2048K, 0% used [0x00000000f0a00000,0x00000000f0a00000,0x00000000f0c00000)
 ParOldGen       total 35840K, used 16K [0x00000000cd000000, 0x00000000cf300000, 0x00000000ef000000)
  object space 35840K, 0% used [0x00000000cd000000,0x00000000cd004000,0x00000000cf300000)
 Metaspace       used 3447K, capacity 4560K, committed 4864K, reserved 1056768K
  class space    used 382K, capacity 388K, committed 512K, reserved 1048576K

Deoptimization events (1 events):
Event: 0.646 Thread 0x0000000001ddd800 Uncommon trap: reason=unstable_if action=reinterpret pc=0x0000000002a89ab0 method=java.lang.Integer.getChars(II[C)V @ 110

Internal exceptions (6 events):
Event: 0.040 Thread 0x0000000001ddd800 Exception <a 'java/lang/NoSuchMethodError': Method sun.misc.Unsafe.defineClass(Ljava/lang/String;[BII)Ljava/lang/Class; name or signature does not match> (0x00000000ef013060) thrown at [C:\re\workspace\8-2-build-windows-amd64-cygwin\jdk8u66\5298\hotspot\sr;–T:DX¤?
Event: 0.040 Thread 0x0000000001ddd800 Exception <a 'java/lang/NoSuchMethodError': Method sun.misc.Unsafe.prefetchRead(Ljava/lang/Object;J)V name or signature does not match> (0x00000000ef013348) thrown at [C:\re\workspace\8-2-build-windows-amd64-cygwin\jdk8u66\5298\hotspot\src\share\vm\prims\jù,ÑP¹w¿?
Event: 0.123 Thread 0x0000000001ddd800 Exception <a 'java/security/PrivilegedActionException'> (0x00000000ef119dd8) thrown at [C:\re\workspace\8-2-build-windows-amd64-cygwin\jdk8u66\5298\hotspot\src\share\vm\prims\jvm.cpp, line 1386]
Event: 0.123 Thread 0x0000000001ddd800 Exception <a 'java/security/PrivilegedActionException'> (0x00000000ef11a1d0) thrown at [C:\re\workspace\8-2-build-windows-amd64-cygwin\jdk8u66\5298\hotspot\src\share\vm\prims\jvm.cpp, line 1386]
Event: 0.124 Thread 0x0000000001ddd800 Exception <a 'java/security/PrivilegedActionException'> (0x00000000ef11df60) thrown at [C:\re\workspace\8-2-build-windows-amd64-cygwin\jdk8u66\5298\hotspot\src\share\vm\prims\jvm.cpp, line 1386]
Event: 0.124 Thread 0x0000000001ddd800 Exception <a 'java/security/PrivilegedActionException'> (0x00000000ef11e358) thrown at [C:\re\workspace\8-2-build-windows-amd64-cygwin\jdk8u66\5298\hotspot\src\share\vm\prims\jvm.cpp, line 1386]

Events (10 events):
Event: 0.646 loading class sun/misc/FloatingDecimal$ASCIIToBinaryConverter
Event: 0.646 loading class sun/misc/FloatingDecimal$ASCIIToBinaryConverter done
Event: 0.646 loading class sun/misc/FloatingDecimal$PreparedASCIIToBinaryBuffer done
Event: 0.678 Executing VM operation: ParallelGCFailedAllocation
Event: 0.723 Executing VM operation: ParallelGCFailedAllocation done
Event: 1.376 Executing VM operation: ParallelGCFailedAllocation
Event: 1.390 Executing VM operation: ParallelGCFailedAllocation done
Event: 1.449 Executing VM operation: ParallelGCFailedAllocation
Event: 1.569 Executing VM operation: ParallelGCFailedAllocation done
Event: 1.617 Executing VM operation: ParallelGCFailedAllocation


Dynamic libraries:
0x000000013f6f0000 - 0x000000013f727000 	C:\Program Files\Java\jre1.8.0_66\bin\javaw.exe
0x0000000077c50000 - 0x0000000077df9000 	C:\Windows\SYSTEM32\ntdll.dll
0x0000000077b30000 - 0x0000000077c50000 	C:\Windows\system32\kernel32.dll
0x000007fefdbb0000 - 0x000007fefdc1c000 	C:\Windows\system32\KERNELBASE.dll
0x000007feffe80000 - 0x000007fefff5b000 	C:\Windows\system32\ADVAPI32.dll
0x000007feff000000 - 0x000007feff09f000 	C:\Windows\system32\msvcrt.dll
0x000007fefef10000 - 0x000007fefef2f000 	C:\Windows\SYSTEM32\sechost.dll
0x000007feff0a0000 - 0x000007feff1cd000 	C:\Windows\system32\RPCRT4.dll
0x0000000077a30000 - 0x0000000077b2a000 	C:\Windows\system32\USER32.dll
0x000007feffa10000 - 0x000007feffa77000 	C:\Windows\system32\GDI32.dll
0x000007feff8f0000 - 0x000007feff8fe000 	C:\Windows\system32\LPK.dll
0x000007feffdb0000 - 0x000007feffe7a000 	C:\Windows\system32\USP10.dll
0x000007fefc430000 - 0x000007fefc624000 	C:\Windows\WinSxS\amd64_microsoft.windows.common-controls_6595b64144ccf1df_6.0.7601.18837_none_fa3b1e3d17594757\COMCTL32.dll
0x000007fefeb50000 - 0x000007fefebc1000 	C:\Windows\system32\SHLWAPI.dll
0x000007fefef30000 - 0x000007fefef5e000 	C:\Windows\system32\IMM32.DLL
0x000007feff900000 - 0x000007feffa09000 	C:\Windows\system32\MSCTF.dll
0x0000000051d30000 - 0x0000000051e02000 	C:\Program Files\Java\jre1.8.0_66\bin\msvcr100.dll
0x0000000050820000 - 0x00000000510a9000 	C:\Program Files\Java\jre1.8.0_66\bin\server\jvm.dll
0x000007fef9aa0000 - 0x000007fef9aa9000 	C:\Windows\system32\WSOCK32.dll
0x000007fefeec0000 - 0x000007fefef0d000 	C:\Windows\system32\WS2_32.dll
0x000007fefeb40000 - 0x000007fefeb48000 	C:\Windows\system32\NSI.dll
0x000007fefa550000 - 0x000007fefa58b000 	C:\Windows\system32\WINMM.dll
0x000007fefcac0000 - 0x000007fefcacc000 	C:\Windows\system32\VERSION.dll
0x0000000077e10000 - 0x0000000077e17000 	C:\Windows\system32\PSAPI.DLL
0x0000000054cc0000 - 0x0000000054ccf000 	C:\Program Files\Java\jre1.8.0_66\bin\verify.dll
0x0000000051ec0000 - 0x0000000051ee9000 	C:\Program Files\Java\jre1.8.0_66\bin\java.dll
0x0000000051ea0000 - 0x0000000051eb6000 	C:\Program Files\Java\jre1.8.0_66\bin\zip.dll
0x000007fefddb0000 - 0x000007fefeb39000 	C:\Windows\system32\SHELL32.dll
0x000007feff6e0000 - 0x000007feff8e3000 	C:\Windows\system32\ole32.dll
0x000007fefda00000 - 0x000007fefda0f000 	C:\Windows\system32\profapi.dll

VM Arguments:
jvm_args: -Dfile.encoding=Cp1253 
java_command: DES
java_class_path (initial): C:\Users\BDC\workspace\Des\bin
Launcher Type: SUN_STANDARD

Environment Variables:
JAVA_HOME=C:\Program Files\Java\jdk1.8.0_45
PATH=C:\ProgramData\Oracle\Java\javapath;C:\Program Files (x86)\ActiveState Komodo IDE 9\;C:\Program Files (x86)\NVIDIA Corporation\PhysX\Common;C:\Windows\system32;C:\Windows;C:\Windows\System32\Wbem;C:\Windows\System32\WindowsPowerShell\v1.0\;C:\Program Files (x86)\Windows Kits\8.1\Windows Performance Toolkit\;C:\Program Files\Microsoft SQL Server\110\Tools\Binn\;C:\Program Files\MATLAB\R2013b\runtime\win64;C:\Program Files\MATLAB\R2013b\bin;C:\Program Files\MATLAB\R2013b\polyspace\bin;C:\Program Files (x86)\Skype\Phone\;C:\Program Files (x86)\QuickTime\QTSystem\;C:\Program Files\Java\jdk1.8.0_45\bin;C:\\bin;
USERNAME=BDC
OS=Windows_NT
PROCESSOR_IDENTIFIER=Intel64 Family 6 Model 23 Stepping 7, GenuineIntel



---------------  S Y S T E M  ---------------

OS: Windows 7 , 64 bit Build 7601 (6.1.7601.19045)

CPU:total 4 (4 cores per cpu, 1 threads per core) family 6 model 23 stepping 7, cmov, cx8, fxsr, mmx, sse, sse2, sse3, ssse3, sse4.1, tsc

Memory: 4k page, physical 3341624k(485064k free), swap 13364660k(5660k free)

vm_info: Java HotSpot(TM) 64-Bit Server VM (25.66-b18) for windows-amd64 JRE (1.8.0_66-b18), built on Nov  9 2015 10:51:13 by "java_re" with MS VC++ 10.0 (VS2010)

time: Tue Feb 23 01:10:28 2016
elapsed time: 2 seconds (0d 0h 0m 2s)

